# JRE version: Java(TM) SE Runtime Environment (8.0_20-b26) (build 1.8.0_20-b26)
# Java VM: Java HotSpot(TM) 64-Bit Server VM (25.20-b23 mixed mode linux-amd64 compressed oops)
Heap:
 PSYoungGen      total 27648K, used 1056K [0x00000000e1800000, 0x00000000e3680000, 0x0000000100000000)
  eden space 24064K, 4% used [0x00000000e1800000,0x00000000e1908070,0x00000000e2f80000)
  from space 3584K, 0% used [0x00000000e3300000,0x00000000e3300000,0x00000000e3680000)
  to   space 3584K, 0% used [0x00000000e2f80000,0x00000000e2f80000,0x00000000e3300000)
 ParOldGen       total 62976K, used 12637K [0x00000000a4800000, 0x00000000a8580000, 0x00000000e1800000)
  object space 62976K, 20% used [0x00000000a4800000,0x00000000a54575d0,0x00000000a8580000)
 Metaspace       used 3303K, capacity 4508K, committed 4864K, reserved 1056768K
  class space    used 358K, capacity 387K, committed 512K, reserved 1048576K
GC Heap History (10 events):
Event: 5,829 GC heap before
{Heap before GC invocations=32 (full 16):
 PSYoungGen      total 27648K, used 96K [0x00000000e1800000, 0x00000000e3680000, 0x0000000100000000)
  eden space 24064K, 0% used [0x00000000e1800000,0x00000000e1800000,0x00000000e2f80000)
  from space 3584K, 2% used [0x00000000e3300000,0x00000000e3318000,0x00000000e3680000)
  to   space 3584K, 0% used [0x00000000e2f80000,0x00000000e2f80000,0x00000000e3300000)
 ParOldGen       total 62976K, used 12636K [0x00000000a4800000, 0x00000000a8580000, 0x00000000e1800000)
  object space 62976K, 20% used [0x00000000a4800000,0x00000000a54573c0,0x00000000a8580000)
 Metaspace       used 3299K, capacity 4508K, committed 4864K, reserved 1056768K
  class space    used 358K, capacity 387K, committed 512K, reserved 1048576K
Event: 5,899 GC heap after
Heap after GC invocations=32 (full 16):
 PSYoungGen      total 27648K, used 0K [0x00000000e1800000, 0x00000000e3680000, 0x0000000100000000)
  eden space 24064K, 0% used [0x00000000e1800000,0x00000000e1800000,0x00000000e2f80000)
  from space 3584K, 0% used [0x00000000e3300000,0x00000000e3300000,0x00000000e3680000)
  to   space 3584K, 0% used [0x00000000e2f80000,0x00000000e2f80000,0x00000000e3300000)
 ParOldGen       total 62976K, used 12637K [0x00000000a4800000, 0x00000000a8580000, 0x00000000e1800000)
  object space 62976K, 20% used [0x00000000a4800000,0x00000000a54576e8,0x00000000a8580000)
 Metaspace       used 3299K, capacity 4508K, committed 4864K, reserved 1056768K
  class space    used 358K, capacity 387K, committed 512K, reserved 1048576K
}
Event: 5,899 GC heap before
{Heap before GC invocations=33 (full 16):
 PSYoungGen      total 27648K, used 0K [0x00000000e1800000, 0x00000000e3680000, 0x0000000100000000)
  eden space 24064K, 0% used [0x00000000e1800000,0x00000000e1800000,0x00000000e2f80000)
  from space 3584K, 0% used [0x00000000e3300000,0x00000000e3300000,0x00000000e3680000)
  to   space 3584K, 0% used [0x00000000e2f80000,0x00000000e2f80000,0x00000000e3300000)
 ParOldGen       total 62976K, used 12637K [0x00000000a4800000, 0x00000000a8580000, 0x00000000e1800000)
  object space 62976K, 20% used [0x00000000a4800000,0x00000000a54576e8,0x00000000a8580000)
 Metaspace       used 3300K, capacity 4508K, committed 4864K, reserved 1056768K
  class space    used 358K, capacity 387K, committed 512K, reserved 1048576K
Event: 5,901 GC heap after
Heap after GC invocations=33 (full 16):
 PSYoungGen      total 27648K, used 0K [0x00000000e1800000, 0x00000000e3680000, 0x0000000100000000)
  eden space 24064K, 0% used [0x00000000e1800000,0x00000000e1800000,0x00000000e2f80000)
  from space 3584K, 0% used [0x00000000e2f80000,0x00000000e2f80000,0x00000000e3300000)
  to   space 3584K, 0% used [0x00000000e3300000,0x00000000e3300000,0x00000000e3680000)
 ParOldGen       total 62976K, used 12637K [0x00000000a4800000, 0x00000000a8580000, 0x00000000e1800000)
  object space 62976K, 20% used [0x00000000a4800000,0x00000000a54576e8,0x00000000a8580000)
 Metaspace       used 3300K, capacity 4508K, committed 4864K, reserved 1056768K
  class space    used 358K, capacity 387K, committed 512K, reserved 1048576K
}
Event: 5,901 GC heap before
{Heap before GC invocations=34 (full 17):
 PSYoungGen      total 27648K, used 0K [0x00000000e1800000, 0x00000000e3680000, 0x0000000100000000)
  eden space 24064K, 0% used [0x00000000e1800000,0x00000000e1800000,0x00000000e2f80000)
  from space 3584K, 0% used [0x00000000e2f80000,0x00000000e2f80000,0x00000000e3300000)
  to   space 3584K, 0% used [0x00000000e3300000,0x00000000e3300000,0x00000000e3680000)
 ParOldGen       total 62976K, used 12637K [0x00000000a4800000, 0x00000000a8580000, 0x00000000e1800000)
  object space 62976K, 20% used [0x00000000a4800000,0x00000000a54576e8,0x00000000a8580000)
 Metaspace       used 3300K, capacity 4508K, committed 4864K, reserved 1056768K
  class space    used 358K, capacity 387K, committed 512K, reserved 1048576K
Event: 5,975 GC heap after
Heap after GC invocations=34 (full 17):
 PSYoungGen      total 27648K, used 0K [0x00000000e1800000, 0x00000000e3680000, 0x0000000100000000)
  eden space 24064K, 0% used [0x00000000e1800000,0x00000000e1800000,0x00000000e2f80000)
  from space 3584K, 0% used [0x00000000e2f80000,0x00000000e2f80000,0x00000000e3300000)
  to   space 3584K, 0% used [0x00000000e3300000,0x00000000e3300000,0x00000000e3680000)
 ParOldGen       total 62976K, used 12637K [0x00000000a4800000, 0x00000000a8580000, 0x00000000e1800000)
  object space 62976K, 20% used [0x00000000a4800000,0x00000000a54576c0,0x00000000a8580000)
 Metaspace       used 3300K, capacity 4508K, committed 4864K, reserved 1056768K
  class space    used 358K, capacity 387K, committed 512K, reserved 1048576K
}
Event: 5,977 GC heap before
{Heap before GC invocations=35 (full 17):
 PSYoungGen      total 27648K, used 1014K [0x00000000e1800000, 0x00000000e3680000, 0x0000000100000000)
  eden space 24064K, 4% used [0x00000000e1800000,0x00000000e18fda68,0x00000000e2f80000)
  from space 3584K, 0% used [0x00000000e2f80000,0x00000000e2f80000,0x00000000e3300000)
  to   space 3584K, 0% used [0x00000000e3300000,0x00000000e3300000,0x00000000e3680000)
 ParOldGen       total 62976K, used 12637K [0x00000000a4800000, 0x00000000a8580000, 0x00000000e1800000)
  object space 62976K, 20% used [0x00000000a4800000,0x00000000a54576c0,0x00000000a8580000)
 Metaspace       used 3302K, capacity 4508K, committed 4864K, reserved 1056768K
  class space    used 358K, capacity 387K, committed 512K, reserved 1048576K
Event: 5,980 GC heap after
Heap after GC invocations=35 (full 17):
 PSYoungGen      total 27648K, used 32K [0x00000000e1800000, 0x00000000e3680000, 0x0000000100000000)
  eden space 24064K, 0% used [0x00000000e1800000,0x00000000e1800000,0x00000000e2f80000)
  from space 3584K, 0% used [0x00000000e3300000,0x00000000e3308000,0x00000000e3680000)
  to   space 3584K, 0% used [0x00000000e2f80000,0x00000000e2f80000,0x00000000e3300000)
 ParOldGen       total 62976K, used 12637K [0x00000000a4800000, 0x00000000a8580000, 0x00000000e1800000)
  object space 62976K, 20% used [0x00000000a4800000,0x00000000a54576c0,0x00000000a8580000)
 Metaspace       used 3302K, capacity 4508K, committed 4864K, reserved 1056768K
  class space    used 358K, capacity 387K, committed 512K, reserved 1048576K
}
Event: 5,980 GC heap before
{Heap before GC invocations=36 (full 18):
 PSYoungGen      total 27648K, used 32K [0x00000000e1800000, 0x00000000e3680000, 0x0000000100000000)
  eden space 24064K, 0% used [0x00000000e1800000,0x00000000e1800000,0x00000000e2f80000)
  from space 3584K, 0% used [0x00000000e3300000,0x00000000e3308000,0x00000000e3680000)
  to   space 3584K, 0% used [0x00000000e2f80000,0x00000000e2f80000,0x00000000e3300000)
 ParOldGen       total 62976K, used 12637K [0x00000000a4800000, 0x00000000a8580000, 0x00000000e1800000)
  object space 62976K, 20% used [0x00000000a4800000,0x00000000a54576c0,0x00000000a8580000)
 Metaspace       used 3302K, capacity 4508K, committed 4864K, reserved 1056768K
  class space    used 358K, capacity 387K, committed 512K, reserved 1048576K
Event: 6,028 GC heap after
Heap after GC invocations=36 (full 18):
 PSYoungGen      total 27648K, used 0K [0x00000000e1800000, 0x00000000e3680000, 0x0000000100000000)
  eden space 24064K, 0% used [0x00000000e1800000,0x00000000e1800000,0x00000000e2f80000)
  from space 3584K, 0% used [0x00000000e3300000,0x00000000e3300000,0x00000000e3680000)
  to   space 3584K, 0% used [0x00000000e2f80000,0x00000000e2f80000,0x00000000e3300000)
 ParOldGen       total 62976K, used 12637K [0x00000000a4800000, 0x00000000a8580000, 0x00000000e1800000)
  object space 62976K, 20% used [0x00000000a4800000,0x00000000a54575d0,0x00000000a8580000)
 Metaspace       used 3302K, capacity 4508K, committed 4864K, reserved 1056768K
  class space    used 358K, capacity 387K, committed 512K, reserved 1048576K
}

