# JRE version: Java(TM) SE Runtime Environment (8.0_91-b14) (build 1.8.0_91-b14)
# Java VM: Java HotSpot(TM) 64-Bit Server VM (25.91-b14 mixed mode linux-amd64 compressed oops)
Heap:
 PSYoungGen      total 246784K, used 168608K [0x00000000e1800000, 0x00000000f4000000, 0x0000000100000000)
  eden space 241152K, 69% used [0x00000000e1800000,0x00000000ebc72730,0x00000000f0380000)
  from space 5632K, 3% used [0x00000000f0380000,0x00000000f03b5ca8,0x00000000f0900000)
  to   space 5120K, 0% used [0x00000000f3b00000,0x00000000f3b00000,0x00000000f4000000)
 ParOldGen       total 701952K, used 525824K [0x00000000a4800000, 0x00000000cf580000, 0x00000000e1800000)
  object space 701952K, 74% used [0x00000000a4800000,0x00000000c4980108,0x00000000cf580000)
 Metaspace       used 7069K, capacity 7224K, committed 7296K, reserved 1056768K
  class space    used 843K, capacity 892K, committed 896K, reserved 1048576K
GC Heap History (10 events):
Event: 96,743 GC heap before
{Heap before GC invocations=20 (full 7):
 PSYoungGen      total 180224K, used 276K [0x00000000e1800000, 0x00000000f1380000, 0x0000000100000000)
  eden space 174080K, 0% used [0x00000000e1800000,0x00000000e1800000,0x00000000ec200000)
  from space 6144K, 4% used [0x00000000ec200000,0x00000000ec2450e0,0x00000000ec800000)
  to   space 5632K, 0% used [0x00000000f0e00000,0x00000000f0e00000,0x00000000f1380000)
 ParOldGen       total 348672K, used 296659K [0x00000000a4800000, 0x00000000b9c80000, 0x00000000e1800000)
  object space 348672K, 85% used [0x00000000a4800000,0x00000000b69b4e18,0x00000000b9c80000)
 Metaspace       used 7067K, capacity 7224K, committed 7296K, reserved 1056768K
  class space    used 842K, capacity 892K, committed 896K, reserved 1048576K
Event: 96,829 GC heap after
Heap after GC invocations=20 (full 7):
 PSYoungGen      total 180224K, used 0K [0x00000000e1800000, 0x00000000f1380000, 0x0000000100000000)
  eden space 174080K, 0% used [0x00000000e1800000,0x00000000e1800000,0x00000000ec200000)
  from space 6144K, 0% used [0x00000000ec200000,0x00000000ec200000,0x00000000ec800000)
  to   space 5632K, 0% used [0x00000000f0e00000,0x00000000f0e00000,0x00000000f1380000)
 ParOldGen       total 388608K, used 231123K [0x00000000a4800000, 0x00000000bc380000, 0x00000000e1800000)
  object space 388608K, 59% used [0x00000000a4800000,0x00000000b29b4df8,0x00000000bc380000)
 Metaspace       used 7067K, capacity 7224K, committed 7296K, reserved 1056768K
  class space    used 842K, capacity 892K, committed 896K, reserved 1048576K
}
Event: 112,596 GC heap before
{Heap before GC invocations=21 (full 7):
 PSYoungGen      total 180224K, used 174035K [0x00000000e1800000, 0x00000000f1380000, 0x0000000100000000)
  eden space 174080K, 99% used [0x00000000e1800000,0x00000000ec1f4e78,0x00000000ec200000)
  from space 6144K, 0% used [0x00000000ec200000,0x00000000ec200000,0x00000000ec800000)
  to   space 5632K, 0% used [0x00000000f0e00000,0x00000000f0e00000,0x00000000f1380000)
 ParOldGen       total 388608K, used 231123K [0x00000000a4800000, 0x00000000bc380000, 0x00000000e1800000)
  object space 388608K, 59% used [0x00000000a4800000,0x00000000b29b4df8,0x00000000bc380000)
 Metaspace       used 7067K, capacity 7224K, committed 7296K, reserved 1056768K
  class space    used 842K, capacity 892K, committed 896K, reserved 1048576K
Event: 112,609 GC heap after
Heap after GC invocations=21 (full 7):
 PSYoungGen      total 225280K, used 215K [0x00000000e1800000, 0x00000000f0e80000, 0x0000000100000000)
  eden space 224768K, 0% used [0x00000000e1800000,0x00000000e1800000,0x00000000ef380000)
  from space 512K, 42% used [0x00000000f0e00000,0x00000000f0e35ca8,0x00000000f0e80000)
  to   space 5632K, 0% used [0x00000000f0380000,0x00000000f0380000,0x00000000f0900000)
 ParOldGen       total 388608K, used 296659K [0x00000000a4800000, 0x00000000bc380000, 0x00000000e1800000)
  object space 388608K, 76% used [0x00000000a4800000,0x00000000b69b4e08,0x00000000bc380000)
 Metaspace       used 7067K, capacity 7224K, committed 7296K, reserved 1056768K
  class space    used 842K, capacity 892K, committed 896K, reserved 1048576K
}
Event: 112,609 GC heap before
{Heap before GC invocations=22 (full 8):
 PSYoungGen      total 225280K, used 215K [0x00000000e1800000, 0x00000000f0e80000, 0x0000000100000000)
  eden space 224768K, 0% used [0x00000000e1800000,0x00000000e1800000,0x00000000ef380000)
  from space 512K, 42% used [0x00000000f0e00000,0x00000000f0e35ca8,0x00000000f0e80000)
  to   space 5632K, 0% used [0x00000000f0380000,0x00000000f0380000,0x00000000f0900000)
 ParOldGen       total 388608K, used 296659K [0x00000000a4800000, 0x00000000bc380000, 0x00000000e1800000)
  object space 388608K, 76% used [0x00000000a4800000,0x00000000b69b4e08,0x00000000bc380000)
 Metaspace       used 7067K, capacity 7224K, committed 7296K, reserved 1056768K
  class space    used 842K, capacity 892K, committed 896K, reserved 1048576K
Event: 112,692 GC heap after
Heap after GC invocations=22 (full 8):
 PSYoungGen      total 225280K, used 0K [0x00000000e1800000, 0x00000000f0e80000, 0x0000000100000000)
  eden space 224768K, 0% used [0x00000000e1800000,0x00000000e1800000,0x00000000ef380000)
  from space 512K, 0% used [0x00000000f0e00000,0x00000000f0e00000,0x00000000f0e80000)
  to   space 5632K, 0% used [0x00000000f0380000,0x00000000f0380000,0x00000000f0900000)
 ParOldGen       total 433152K, used 263830K [0x00000000a4800000, 0x00000000bef00000, 0x00000000e1800000)
  object space 433152K, 60% used [0x00000000a4800000,0x00000000b49a59c0,0x00000000bef00000)
 Metaspace       used 7067K, capacity 7224K, committed 7296K, reserved 1056768K
  class space    used 842K, capacity 892K, committed 896K, reserved 1048576K
}
Event: 153,840 GC heap before
{Heap before GC invocations=23 (full 9):
 PSYoungGen      total 225280K, used 224764K [0x00000000e1800000, 0x00000000f0e80000, 0x0000000100000000)
  eden space 224768K, 99% used [0x00000000e1800000,0x00000000ef37f090,0x00000000ef380000)
  from space 512K, 0% used [0x00000000f0e00000,0x00000000f0e00000,0x00000000f0e80000)
  to   space 5632K, 0% used [0x00000000f0380000,0x00000000f0380000,0x00000000f0900000)
 ParOldGen       total 827904K, used 788118K [0x00000000a4800000, 0x00000000d7080000, 0x00000000e1800000)
  object space 827904K, 95% used [0x00000000a4800000,0x00000000d49a5a00,0x00000000d7080000)
 Metaspace       used 7068K, capacity 7224K, committed 7296K, reserved 1056768K
  class space    used 843K, capacity 892K, committed 896K, reserved 1048576K
Event: 154,717 GC heap after
Heap after GC invocations=23 (full 9):
 PSYoungGen      total 225280K, used 0K [0x00000000e1800000, 0x00000000f0e80000, 0x0000000100000000)
  eden space 224768K, 0% used [0x00000000e1800000,0x00000000e1800000,0x00000000ef380000)
  from space 512K, 0% used [0x00000000f0e00000,0x00000000f0e00000,0x00000000f0e80000)
  to   space 5632K, 0% used [0x00000000f0380000,0x00000000f0380000,0x00000000f0900000)
 ParOldGen       total 701952K, used 525824K [0x00000000a4800000, 0x00000000cf580000, 0x00000000e1800000)
  object space 701952K, 74% used [0x00000000a4800000,0x00000000c4980108,0x00000000cf580000)
 Metaspace       used 7068K, capacity 7224K, committed 7296K, reserved 1056768K
  class space    used 843K, capacity 892K, committed 896K, reserved 1048576K
}
Event: 188,144 GC heap before
{Heap before GC invocations=24 (full 9):
 PSYoungGen      total 225280K, used 224768K [0x00000000e1800000, 0x00000000f0e80000, 0x0000000100000000)
  eden space 224768K, 100% used [0x00000000e1800000,0x00000000ef380000,0x00000000ef380000)
  from space 512K, 0% used [0x00000000f0e00000,0x00000000f0e00000,0x00000000f0e80000)
  to   space 5632K, 0% used [0x00000000f0380000,0x00000000f0380000,0x00000000f0900000)
 ParOldGen       total 701952K, used 525824K [0x00000000a4800000, 0x00000000cf580000, 0x00000000e1800000)
  object space 701952K, 74% used [0x00000000a4800000,0x00000000c4980108,0x00000000cf580000)
 Metaspace       used 7069K, capacity 7224K, committed 7296K, reserved 1056768K
  class space    used 843K, capacity 892K, committed 896K, reserved 1048576K
Event: 188,174 GC heap after
Heap after GC invocations=24 (full 9):
 PSYoungGen      total 246784K, used 215K [0x00000000e1800000, 0x00000000f4000000, 0x0000000100000000)
  eden space 241152K, 0% used [0x00000000e1800000,0x00000000e1800000,0x00000000f0380000)
  from space 5632K, 3% used [0x00000000f0380000,0x00000000f03b5ca8,0x00000000f0900000)
  to   space 5120K, 0% used [0x00000000f3b00000,0x00000000f3b00000,0x00000000f4000000)
 ParOldGen       total 701952K, used 525824K [0x00000000a4800000, 0x00000000cf580000, 0x00000000e1800000)
  object space 701952K, 74% used [0x00000000a4800000,0x00000000c4980108,0x00000000cf580000)
 Metaspace       used 7069K, capacity 7224K, committed 7296K, reserved 1056768K
  class space    used 843K, capacity 892K, committed 896K, reserved 1048576K
}

